#
# There is insufficient memory for the Java Runtime Environment to continue.
# Native memory allocation (mmap) failed to map 264241152 bytes for G1 virtual space
# Possible reasons:
#   The system is out of physical RAM or swap space
#   The process is running with CompressedOops enabled, and the Java Heap may be blocking the growth of the native heap
# Possible solutions:
#   Reduce memory load on the system
#   Increase physical memory or swap space
#   Check if swap backing store is full
#   Decrease Java heap size (-Xmx/-Xms)
#   Decrease number of Java threads
#   Decrease Java thread stack sizes (-Xss)
#   Set larger code cache with -XX:ReservedCodeCacheSize=
#   JVM is running with Zero Based Compressed Oops mode in which the Java heap is
#     placed in the first 32GB address space. The Java Heap base address is the
#     maximum limit for the native heap growth. Please use -XX:HeapBaseMinAddress
#     to set the Java Heap base and to place the Java Heap above 32GB virtual address.
# This output file may be truncated or incomplete.
#
#  Out of Memory Error (os_windows.cpp:3600), pid=18864, tid=19116
#
# JRE version:  (21.0+35) (build )
# Java VM: Java HotSpot(TM) 64-Bit Server VM (21+35-LTS-2513, mixed mode, sharing, tiered, compressed oops, compressed class ptrs, g1 gc, windows-amd64)
# No core dump will be written. Minidumps are not enabled by default on client versions of Windows
#

---------------  S U M M A R Y ------------

Command Line: C:\Users\HP840\AppData\Local\Temp\surefire9439666302225827063\surefirebooter-20241220063427207_3.jar C:\Users\HP840\AppData\Local\Temp\surefire9439666302225827063 2024-12-20T06-34-27_100-jvmRun1 surefire-20241220063427207_1tmp surefire_0-20241220063427207_2tmp

Host: 11th Gen Intel(R) Core(TM) i7-1165G7 @ 2.80GHz, 8 cores, 15G,  Windows 11 , 64 bit Build 22621 (10.0.22621.4391)
Time: Fri Dec 20 06:34:27 2024 Paris, Madrid elapsed time: 0.008291 seconds (0d 0h 0m 0s)

---------------  T H R E A D  ---------------

Current thread (0x000002315ace65c0):  JavaThread "Unknown thread" [_thread_in_vm, id=19116, stack(0x000000e570a00000,0x000000e570b00000) (1024K)]

Stack: [0x000000e570a00000,0x000000e570b00000]
Native frames: (J=compiled Java code, j=interpreted, Vv=VM code, C=native code)
V  [jvm.dll+0x6c8d39]
V  [jvm.dll+0x854091]
V  [jvm.dll+0x85630e]
V  [jvm.dll+0x8569e3]
V  [jvm.dll+0x2809a6]
V  [jvm.dll+0x6c5425]
V  [jvm.dll+0x6b9e1a]
V  [jvm.dll+0x3555ba]
V  [jvm.dll+0x35d206]
V  [jvm.dll+0x3adf6e]
V  [jvm.dll+0x3ae218]
V  [jvm.dll+0x328fcc]
V  [jvm.dll+0x329b5b]
V  [jvm.dll+0x81c699]
V  [jvm.dll+0x3bb2a1]
V  [jvm.dll+0x805688]
V  [jvm.dll+0x44ed9e]
V  [jvm.dll+0x4506a1]
C  [jli.dll+0x52a3]
C  [ucrtbase.dll+0x29333]
C  [KERNEL32.DLL+0x1259d]
C  [ntdll.dll+0x5af38]


---------------  P R O C E S S  ---------------

Threads class SMR info:
_java_thread_list=0x00007ff8c6257b48, length=0, elements={
}

Java Threads: ( => current thread )
Total: 0

Other Threads:
  0x000002315cf88bb0 WorkerThread "GC Thread#0"                     [id=13636, stack(0x000000e570b00000,0x000000e570c00000) (1024K)]
  0x000002315cf996a0 ConcurrentGCThread "G1 Main Marker"            [id=3948, stack(0x000000e570c00000,0x000000e570d00000) (1024K)]
  0x000002315cf9a9b0 WorkerThread "G1 Conc#0"                       [id=13716, stack(0x000000e570d00000,0x000000e570e00000) (1024K)]

[error occurred during error reporting (printing all threads), id 0xc0000005, EXCEPTION_ACCESS_VIOLATION (0xc0000005) at pc=0x00007ff8c59cc097]
VM state: not at safepoint (not fully initialized)

VM Mutex/Monitor currently owned by a thread:  ([mutex/lock_event])
[0x00007ff8c62c8648] Heap_lock - owner thread: 0x000002315ace65c0

Heap address: 0x0000000704e00000, size: 4018 MB, Compressed Oops mode: Zero based, Oop shift amount: 3

CDS archive(s) mapped at: [0x0000000000000000-0x0000000000000000-0x0000000000000000), size 0, SharedBaseAddress: 0x0000000800000000, ArchiveRelocationMode: 1.
Narrow klass base: 0x0000000000000000, Narrow klass shift: 0, Narrow klass range: 0x0

GC Precious Log:
 CardTable entry size: 512
 Card Set container configuration: InlinePtr #cards 4 size 8 Array Of Cards #cards 16 size 48 Howl #buckets 8 coarsen threshold 3686 Howl Bitmap #cards 512 size 80 coarsen threshold 460 Card regions per heap region 1 cards per card region 4096

Heap:
 garbage-first heap   total 0K, used 0K [0x0000000704e00000, 0x0000000800000000)
  region size 2048K, 0 young (0K), 0 survivors (0K)

[error occurred during error reporting (printing heap information), id 0xc0000005, EXCEPTION_ACCESS_VIOLATION (0xc0000005) at pc=0x00007ff8c5db1939]
GC Heap History (0 events):
No events

Dll operation events (1 events):
Event: 0.005 Loaded shared library C:\Program Files\Java\jdk-21\bin\java.dll

Deoptimization events (0 events):
No events

Classes loaded (0 events):
No events

Classes unloaded (0 events):
No events

Classes redefined (0 events):
No events

Internal exceptions (0 events):
No events

ZGC Phase Switch (0 events):
No events

VM Operations (0 events):
No events

Events (0 events):
No events


Dynamic libraries:
0x00007ff7edf70000 - 0x00007ff7edf80000 	C:\Program Files\Java\jdk-21\bin\java.exe
0x00007ff95ebf0000 - 0x00007ff95ee07000 	C:\WINDOWS\SYSTEM32\ntdll.dll
0x00007ff95d1b0000 - 0x00007ff95d274000 	C:\WINDOWS\System32\KERNEL32.DLL
0x00007ff95c0b0000 - 0x00007ff95c46a000 	C:\WINDOWS\System32\KERNELBASE.dll
0x00007ff95c530000 - 0x00007ff95c641000 	C:\WINDOWS\System32\ucrtbase.dll
0x00007ff921d30000 - 0x00007ff921d49000 	C:\Program Files\Java\jdk-21\bin\jli.dll
0x00007ff91afb0000 - 0x00007ff91afcb000 	C:\Program Files\Java\jdk-21\bin\VCRUNTIME140.dll
0x00007ff95e4d0000 - 0x00007ff95e582000 	C:\WINDOWS\System32\ADVAPI32.dll
0x00007ff95d280000 - 0x00007ff95d327000 	C:\WINDOWS\System32\msvcrt.dll
0x00007ff95cdb0000 - 0x00007ff95ce57000 	C:\WINDOWS\System32\sechost.dll
0x00007ff95c840000 - 0x00007ff95c868000 	C:\WINDOWS\System32\bcrypt.dll
0x00007ff95e940000 - 0x00007ff95ea54000 	C:\WINDOWS\System32\RPCRT4.dll
0x00007ff95de40000 - 0x00007ff95dfee000 	C:\WINDOWS\System32\USER32.dll
0x00007ff95c650000 - 0x00007ff95c676000 	C:\WINDOWS\System32\win32u.dll
0x00007ff93dfd0000 - 0x00007ff93e262000 	C:\WINDOWS\WinSxS\amd64_microsoft.windows.common-controls_6595b64144ccf1df_6.0.22621.4541_none_2710d1c57384c085\COMCTL32.dll
0x00007ff95d0a0000 - 0x00007ff95d0c9000 	C:\WINDOWS\System32\GDI32.dll
0x00007ff95c680000 - 0x00007ff95c79b000 	C:\WINDOWS\System32\gdi32full.dll
0x00007ff95c7a0000 - 0x00007ff95c83a000 	C:\WINDOWS\System32\msvcp_win.dll
0x00007ff954fc0000 - 0x00007ff954fca000 	C:\WINDOWS\SYSTEM32\VERSION.dll
0x00007ff95eaf0000 - 0x00007ff95eb21000 	C:\WINDOWS\System32\IMM32.DLL
0x00007ff91ad20000 - 0x00007ff91ad2c000 	C:\Program Files\Java\jdk-21\bin\vcruntime140_1.dll
0x00007ff8d29d0000 - 0x00007ff8d2a5e000 	C:\Program Files\Java\jdk-21\bin\msvcp140.dll
0x00007ff8c5690000 - 0x00007ff8c63a3000 	C:\Program Files\Java\jdk-21\bin\server\jvm.dll
0x00007ff95eb30000 - 0x00007ff95eba1000 	C:\WINDOWS\System32\WS2_32.dll
0x00007ff95ad10000 - 0x00007ff95ad5d000 	C:\WINDOWS\SYSTEM32\POWRPROF.dll
0x00007ff953ce0000 - 0x00007ff953d14000 	C:\WINDOWS\SYSTEM32\WINMM.dll
0x00007ff95acf0000 - 0x00007ff95ad03000 	C:\WINDOWS\SYSTEM32\UMPDC.dll
0x00007ff95afb0000 - 0x00007ff95afc8000 	C:\WINDOWS\SYSTEM32\kernel.appcore.dll
0x00007ff91ad10000 - 0x00007ff91ad1a000 	C:\Program Files\Java\jdk-21\bin\jimage.dll
0x00007ff9596c0000 - 0x00007ff9598f2000 	C:\WINDOWS\SYSTEM32\DBGHELP.DLL
0x00007ff95e5b0000 - 0x00007ff95e93f000 	C:\WINDOWS\System32\combase.dll
0x00007ff95d0d0000 - 0x00007ff95d1a7000 	C:\WINDOWS\System32\OLEAUT32.dll
0x00007ff915ad0000 - 0x00007ff915b02000 	C:\WINDOWS\SYSTEM32\dbgcore.DLL
0x00007ff95bec0000 - 0x00007ff95bf3b000 	C:\WINDOWS\System32\bcryptPrimitives.dll
0x00007ff919b50000 - 0x00007ff919b6f000 	C:\Program Files\Java\jdk-21\bin\java.dll

dbghelp: loaded successfully - version: 4.0.5 - missing functions: none
symbol engine: initialized successfully - sym options: 0x614 - pdb path: .;C:\Program Files\Java\jdk-21\bin;C:\WINDOWS\SYSTEM32;C:\WINDOWS\WinSxS\amd64_microsoft.windows.common-controls_6595b64144ccf1df_6.0.22621.4541_none_2710d1c57384c085;C:\Program Files\Java\jdk-21\bin\server

VM Arguments:
java_command: C:\Users\HP840\AppData\Local\Temp\surefire9439666302225827063\surefirebooter-20241220063427207_3.jar C:\Users\HP840\AppData\Local\Temp\surefire9439666302225827063 2024-12-20T06-34-27_100-jvmRun1 surefire-20241220063427207_1tmp surefire_0-20241220063427207_2tmp
java_class_path (initial): C:\Users\HP840\AppData\Local\Temp\surefire9439666302225827063\surefirebooter-20241220063427207_3.jar
Launcher Type: SUN_STANDARD

[Global flags]
     intx CICompilerCount                          = 4                                         {product} {ergonomic}
     uint ConcGCThreads                            = 2                                         {product} {ergonomic}
     uint G1ConcRefinementThreads                  = 8                                         {product} {ergonomic}
   size_t G1HeapRegionSize                         = 2097152                                   {product} {ergonomic}
    uintx GCDrainStackTargetSize                   = 64                                        {product} {ergonomic}
   size_t InitialHeapSize                          = 264241152                                 {product} {ergonomic}
   size_t MarkStackSize                            = 4194304                                   {product} {ergonomic}
   size_t MaxHeapSize                              = 4213178368                                {product} {ergonomic}
   size_t MinHeapDeltaBytes                        = 2097152                                   {product} {ergonomic}
   size_t MinHeapSize                              = 8388608                                   {product} {ergonomic}
    uintx NonNMethodCodeHeapSize                   = 5839372                                {pd product} {ergonomic}
    uintx NonProfiledCodeHeapSize                  = 122909434                              {pd product} {ergonomic}
    uintx ProfiledCodeHeapSize                     = 122909434                              {pd product} {ergonomic}
    uintx ReservedCodeCacheSize                    = 251658240                              {pd product} {ergonomic}
     bool SegmentedCodeCache                       = true                                      {product} {ergonomic}
   size_t SoftMaxHeapSize                          = 4213178368                             {manageable} {ergonomic}
     bool UseCompressedOops                        = true                           {product lp64_product} {ergonomic}
     bool UseG1GC                                  = true                                      {product} {ergonomic}
     bool UseLargePagesIndividualAllocation        = false                                  {pd product} {ergonomic}

Logging:
Log output configuration:
 #0: stdout all=warning uptime,level,tags foldmultilines=false
 #1: stderr all=off uptime,level,tags foldmultilines=false

Environment Variables:
JAVA_HOME=C:\Program Files\Java\jdk-21\
PATH=C:\Program Files\Eclipse Adoptium\jdk-21.0.5.11-hotspot\bin;C:\Program Files\Common Files\Oracle\Java\javapath;C:\Program Files (x86)\VMware\VMware Player\bin\;C:\WINDOWS\system32;C:\WINDOWS;C:\WINDOWS\System32\Wbem;C:\WINDOWS\System32\WindowsPowerShell\v1.0\;C:\WINDOWS\System32\OpenSSH\;C:\Program Files\Microsoft SQL Server\150\Tools\Binn\;C:\Program Files (x86)\Gpg4win\..\GnuPG\bin;C:\Program Files\PuTTY\;C:\Program Files\Git\cmd;C:\Program Files\dotnet\;C:\Program Files\nodejs\;C:\IBM\Java\ibm-java-sdk-8.0-8\jre\bin;C:\Program Files\Java\jdk-21\\bin;C:\Users\HP840\AppData\Local\Programs\Python\Launcher\;C:\Users\HP840\AppData\Local\Microsoft\WindowsApps;C:\Users\HP840\AppData\Local\Programs\Microsoft VS Code\bin;C:\MinGW\bin;C:\Users\HP840\AppData\Local\Programs\MiKTeX\miktex\bin\x64\;C:\Users\HP840\AppData\Local\Programs\Python\Python312\python.exe;C:\Users\HP840\AppData\Local\Programs\Python;C:\Users\HP840\.dotnet\tools;C:\Program Files\OpenSSL-Win64\bin;c:\users\hp840\appdata\local\packages\pythonsoftwarefoundation.python.3.12_qbz5n2kfra8p0\localcache\local-packages\python312\site-packages (2.1.0);C:\Program Files\JetBrains\IntelliJ IDEA 2024.3\bin;;C:\Users\HP840\AppData\Local\Android\Sdk\platform-tools;C:\Users\HP840\AppData\Roaming\npm;C:\Users\HP840\AppData\Local\GitHubDesktop\bin;C:\Program Files (x86)\Apache\apache-maven-3.9.9\bin;
USERNAME=HP840
OS=Windows_NT
PROCESSOR_IDENTIFIER=Intel64 Family 6 Model 140 Stepping 1, GenuineIntel
TMP=C:\Users\HP840\AppData\Local\Temp
TEMP=C:\Users\HP840\AppData\Local\Temp




---------------  S Y S T E M  ---------------

OS:
 Windows 11 , 64 bit Build 22621 (10.0.22621.4391)
OS uptime: 0 days 5:40 hours
Hyper-V role detected

CPU: total 8 (initial active 8) (4 cores per cpu, 2 threads per core) family 6 model 140 stepping 1 microcode 0xb8, cx8, cmov, fxsr, ht, mmx, 3dnowpref, sse, sse2, sse3, ssse3, sse4.1, sse4.2, popcnt, lzcnt, tsc, tscinvbit, avx, avx2, aes, erms, clmul, bmi1, bmi2, adx, avx512f, avx512dq, avx512cd, avx512bw, avx512vl, sha, fma, vzeroupper, avx512_vpopcntdq, avx512_vpclmulqdq, avx512_vaes, avx512_vnni, clflush, clflushopt, clwb, avx512_vbmi2, avx512_vbmi, hv, rdtscp, rdpid, fsrm, gfni, avx512_bitalg, f16c, cet_ibt, cet_ss, avx512_ifma
Processor Information for all 8 processors :
  Max Mhz: 2803, Current Mhz: 2803, Mhz Limit: 2803

Memory: 4k page, system-wide physical 16064M (3841M free)
TotalPageFile size 16064M (AvailPageFile size 142M)
current process WorkingSet (physical memory assigned to process): 11M, peak: 11M
current process commit charge ("private bytes"): 60M, peak: 312M

vm_info: Java HotSpot(TM) 64-Bit Server VM (21+35-LTS-2513) for windows-amd64 JRE (21+35-LTS-2513), built on 2023-08-09T20:25:10Z by "mach5one" with MS VC++ 17.1 (VS2022)

END.
