#
# There is insufficient memory for the Java Runtime Environment to continue.
# Native memory allocation (mmap) failed to map 264241152 bytes. Error detail: G1 virtual space
# Possible reasons:
#   The system is out of physical RAM or swap space
#   This process is running with CompressedOops enabled, and the Java Heap may be blocking the growth of the native heap
# Possible solutions:
#   Reduce memory load on the system
#   Increase physical memory or swap space
#   Check if swap backing store is full
#   Decrease Java heap size (-Xmx/-Xms)
#   Decrease number of Java threads
#   Decrease Java thread stack sizes (-Xss)
#   Set larger code cache with -XX:ReservedCodeCacheSize=
#   JVM is running with Zero Based Compressed Oops mode in which the Java heap is
#     placed in the first 32GB address space. The Java Heap base address is the
#     maximum limit for the native heap growth. Please use -XX:HeapBaseMinAddress
#     to set the Java Heap base and to place the Java Heap above 32GB virtual address.
# This output file may be truncated or incomplete.
#
#  Out of Memory Error (os_windows.cpp:3616), pid=12304, tid=640
#
# JRE version:  (21.0.5+11) (build )
# Java VM: OpenJDK 64-Bit Server VM (21.0.5+11-LTS, mixed mode, sharing, tiered, compressed oops, compressed class ptrs, g1 gc, windows-amd64)
# No core dump will be written. Minidumps are not enabled by default on client versions of Windows
#

---------------  S U M M A R Y ------------

Command Line: -XX:+UnlockExperimentalVMOptions -XX:CompileCommand=quiet -XX:CompileCommand=blackhole,some/fake/Class.method 

Host: 11th Gen Intel(R) Core(TM) i7-1165G7 @ 2.80GHz, 8 cores, 15G,  Windows 11 , 64 bit Build 22621 (10.0.22621.4391)
Time: Fri Dec 20 06:28:55 2024 Paris, Madrid elapsed time: 0.011889 seconds (0d 0h 0m 0s)

---------------  T H R E A D  ---------------

Current thread (0x000001baffa69a30):  JavaThread "Unknown thread" [_thread_in_vm, id=640, stack(0x0000001984800000,0x0000001984900000) (1024K)]

Stack: [0x0000001984800000,0x0000001984900000]
Native frames: (J=compiled Java code, j=interpreted, Vv=VM code, C=native code)
V  [jvm.dll+0x6cd4e9]
V  [jvm.dll+0x8a7941]
V  [jvm.dll+0x8a9e6e]
V  [jvm.dll+0x8aa543]
V  [jvm.dll+0x27f6d6]
V  [jvm.dll+0x6c9c25]
V  [jvm.dll+0x6be84a]
V  [jvm.dll+0x355c6a]
V  [jvm.dll+0x35d836]
V  [jvm.dll+0x3af40e]
V  [jvm.dll+0x3af6b8]
V  [jvm.dll+0x329dfc]
V  [jvm.dll+0x32a95b]
V  [jvm.dll+0x870ba9]
V  [jvm.dll+0x3bc1e1]
V  [jvm.dll+0x859cd3]
V  [jvm.dll+0x4504ee]
V  [jvm.dll+0x452131]
C  [jli.dll+0x5278]
C  [ucrtbase.dll+0x29333]
C  [KERNEL32.DLL+0x1259d]
C  [ntdll.dll+0x5af38]


---------------  P R O C E S S  ---------------

Threads class SMR info:
_java_thread_list=0x00007ff8e4e590c8, length=0, elements={
}

Java Threads: ( => current thread )
Total: 0

Other Threads:
  0x000001baffad18e0 WorkerThread "GC Thread#0"                     [id=2976, stack(0x0000001984900000,0x0000001984a00000) (1024K)]
  0x000001baffae23d0 ConcurrentGCThread "G1 Main Marker"            [id=19180, stack(0x0000001984a00000,0x0000001984b00000) (1024K)]
  0x000001baffae2ed0 WorkerThread "G1 Conc#0"                       [id=14872, stack(0x0000001984b00000,0x0000001984c00000) (1024K)]

[error occurred during error reporting (printing all threads), id 0xc0000005, EXCEPTION_ACCESS_VIOLATION (0xc0000005) at pc=0x00007ff8e455c727]
VM state: not at safepoint (not fully initialized)

VM Mutex/Monitor currently owned by a thread:  ([mutex/lock_event])
[0x00007ff8e4ecd480] Heap_lock - owner thread: 0x000001baffa69a30

Heap address: 0x0000000704e00000, size: 4018 MB, Compressed Oops mode: Zero based, Oop shift amount: 3

CDS archive(s) mapped at: [0x0000000000000000-0x0000000000000000-0x0000000000000000), size 0, SharedBaseAddress: 0x0000000800000000, ArchiveRelocationMode: 1.
Narrow klass base: 0x0000000000000000, Narrow klass shift: 0, Narrow klass range: 0x0

GC Precious Log:
 CardTable entry size: 512
 Card Set container configuration: InlinePtr #cards 4 size 8 Array Of Cards #cards 16 size 48 Howl #buckets 8 coarsen threshold 3686 Howl Bitmap #cards 512 size 80 coarsen threshold 460 Card regions per heap region 1 cards per card region 4096

Heap:
 garbage-first heap   total 0K, used 0K [0x0000000704e00000, 0x0000000800000000)
  region size 2048K, 0 young (0K), 0 survivors (0K)

[error occurred during error reporting (printing heap information), id 0xc0000005, EXCEPTION_ACCESS_VIOLATION (0xc0000005) at pc=0x00007ff8e4946f49]
GC Heap History (0 events):
No events

Dll operation events (1 events):
Event: 0.008 Loaded shared library C:\Program Files\Eclipse Adoptium\jdk-21.0.5.11-hotspot\bin\java.dll

Deoptimization events (0 events):
No events

Classes loaded (0 events):
No events

Classes unloaded (0 events):
No events

Classes redefined (0 events):
No events

Internal exceptions (0 events):
No events

ZGC Phase Switch (0 events):
No events

VM Operations (0 events):
No events

Memory protections (0 events):
No events

Nmethod flushes (0 events):
No events

Events (0 events):
No events


Dynamic libraries:
0x00007ff7b8c80000 - 0x00007ff7b8c8e000 	C:\Program Files\Eclipse Adoptium\jdk-21.0.5.11-hotspot\bin\java.exe
0x00007ff95ebf0000 - 0x00007ff95ee07000 	C:\WINDOWS\SYSTEM32\ntdll.dll
0x00007ff95d1b0000 - 0x00007ff95d274000 	C:\WINDOWS\System32\KERNEL32.DLL
0x00007ff95c0b0000 - 0x00007ff95c46a000 	C:\WINDOWS\System32\KERNELBASE.dll
0x00007ff95c530000 - 0x00007ff95c641000 	C:\WINDOWS\System32\ucrtbase.dll
0x00007ff94d750000 - 0x00007ff94d768000 	C:\Program Files\Eclipse Adoptium\jdk-21.0.5.11-hotspot\bin\jli.dll
0x00007ff94d340000 - 0x00007ff94d35e000 	C:\Program Files\Eclipse Adoptium\jdk-21.0.5.11-hotspot\bin\VCRUNTIME140.dll
0x00007ff95de40000 - 0x00007ff95dfee000 	C:\WINDOWS\System32\USER32.dll
0x00007ff93dfd0000 - 0x00007ff93e262000 	C:\WINDOWS\WinSxS\amd64_microsoft.windows.common-controls_6595b64144ccf1df_6.0.22621.4541_none_2710d1c57384c085\COMCTL32.dll
0x00007ff95c650000 - 0x00007ff95c676000 	C:\WINDOWS\System32\win32u.dll
0x00007ff95d280000 - 0x00007ff95d327000 	C:\WINDOWS\System32\msvcrt.dll
0x00007ff95d0a0000 - 0x00007ff95d0c9000 	C:\WINDOWS\System32\GDI32.dll
0x00007ff95c680000 - 0x00007ff95c79b000 	C:\WINDOWS\System32\gdi32full.dll
0x00007ff95c7a0000 - 0x00007ff95c83a000 	C:\WINDOWS\System32\msvcp_win.dll
0x00007ff95eaf0000 - 0x00007ff95eb21000 	C:\WINDOWS\System32\IMM32.DLL
0x00007ff9511c0000 - 0x00007ff9511cc000 	C:\Program Files\Eclipse Adoptium\jdk-21.0.5.11-hotspot\bin\vcruntime140_1.dll
0x00007ff9355f0000 - 0x00007ff93567d000 	C:\Program Files\Eclipse Adoptium\jdk-21.0.5.11-hotspot\bin\msvcp140.dll
0x00007ff8e4220000 - 0x00007ff8e4faf000 	C:\Program Files\Eclipse Adoptium\jdk-21.0.5.11-hotspot\bin\server\jvm.dll
0x00007ff95e4d0000 - 0x00007ff95e582000 	C:\WINDOWS\System32\ADVAPI32.dll
0x00007ff95cdb0000 - 0x00007ff95ce57000 	C:\WINDOWS\System32\sechost.dll
0x00007ff95c840000 - 0x00007ff95c868000 	C:\WINDOWS\System32\bcrypt.dll
0x00007ff95e940000 - 0x00007ff95ea54000 	C:\WINDOWS\System32\RPCRT4.dll
0x00007ff95eb30000 - 0x00007ff95eba1000 	C:\WINDOWS\System32\WS2_32.dll
0x00007ff95ad10000 - 0x00007ff95ad5d000 	C:\WINDOWS\SYSTEM32\POWRPROF.dll
0x00007ff953ce0000 - 0x00007ff953d14000 	C:\WINDOWS\SYSTEM32\WINMM.dll
0x00007ff954fc0000 - 0x00007ff954fca000 	C:\WINDOWS\SYSTEM32\VERSION.dll
0x00007ff95acf0000 - 0x00007ff95ad03000 	C:\WINDOWS\SYSTEM32\UMPDC.dll
0x00007ff95afb0000 - 0x00007ff95afc8000 	C:\WINDOWS\SYSTEM32\kernel.appcore.dll
0x00007ff94d330000 - 0x00007ff94d33a000 	C:\Program Files\Eclipse Adoptium\jdk-21.0.5.11-hotspot\bin\jimage.dll
0x00007ff9596c0000 - 0x00007ff9598f2000 	C:\WINDOWS\SYSTEM32\DBGHELP.DLL
0x00007ff95e5b0000 - 0x00007ff95e93f000 	C:\WINDOWS\System32\combase.dll
0x00007ff95d0d0000 - 0x00007ff95d1a7000 	C:\WINDOWS\System32\OLEAUT32.dll
0x00007ff915ad0000 - 0x00007ff915b02000 	C:\WINDOWS\SYSTEM32\dbgcore.DLL
0x00007ff95bec0000 - 0x00007ff95bf3b000 	C:\WINDOWS\System32\bcryptPrimitives.dll
0x00007ff93b9f0000 - 0x00007ff93ba0f000 	C:\Program Files\Eclipse Adoptium\jdk-21.0.5.11-hotspot\bin\java.dll

dbghelp: loaded successfully - version: 4.0.5 - missing functions: none
symbol engine: initialized successfully - sym options: 0x614 - pdb path: .;C:\Program Files\Eclipse Adoptium\jdk-21.0.5.11-hotspot\bin;C:\WINDOWS\SYSTEM32;C:\WINDOWS\WinSxS\amd64_microsoft.windows.common-controls_6595b64144ccf1df_6.0.22621.4541_none_2710d1c57384c085;C:\Program Files\Eclipse Adoptium\jdk-21.0.5.11-hotspot\bin\server

VM Arguments:
jvm_args: -XX:+UnlockExperimentalVMOptions -XX:CompileCommand=quiet -XX:CompileCommand=blackhole,some/fake/Class.method 
java_command: <unknown>
java_class_path (initial): <not set>
Launcher Type: SUN_STANDARD

[Global flags]
     intx CICompilerCount                          = 4                                         {product} {ergonomic}
ccstrlist CompileCommand                           = quiet
          CompileCommand                          += blackhole,some/fake/Class.method            {product} {command line}
     uint ConcGCThreads                            = 2                                         {product} {ergonomic}
     uint G1ConcRefinementThreads                  = 8                                         {product} {ergonomic}
     uint G1EagerReclaimRemSetThreshold            = 16                                   {experimental} {ergonomic}
   size_t G1HeapRegionSize                         = 2097152                                   {product} {ergonomic}
     uint G1RemSetArrayOfCardsEntries              = 16                                   {experimental} {ergonomic}
     uint G1RemSetHowlMaxNumBuckets                = 8                                    {experimental} {ergonomic}
     uint G1RemSetHowlNumBuckets                   = 8                                    {experimental} {ergonomic}
    uintx GCDrainStackTargetSize                   = 64                                        {product} {ergonomic}
   size_t InitialHeapSize                          = 264241152                                 {product} {ergonomic}
   size_t MarkStackSize                            = 4194304                                   {product} {ergonomic}
   size_t MaxHeapSize                              = 4213178368                                {product} {ergonomic}
   size_t MinHeapDeltaBytes                        = 2097152                                   {product} {ergonomic}
   size_t MinHeapSize                              = 8388608                                   {product} {ergonomic}
    uintx NonNMethodCodeHeapSize                   = 5839372                                {pd product} {ergonomic}
    uintx NonProfiledCodeHeapSize                  = 122909434                              {pd product} {ergonomic}
    uintx ProfiledCodeHeapSize                     = 122909434                              {pd product} {ergonomic}
    uintx ReservedCodeCacheSize                    = 251658240                              {pd product} {ergonomic}
     bool SegmentedCodeCache                       = true                                      {product} {ergonomic}
   size_t SoftMaxHeapSize                          = 4213178368                             {manageable} {ergonomic}
     bool UnlockExperimentalVMOptions              = true                                 {experimental} {command line}
     bool UseCompressedOops                        = true                           {product lp64_product} {ergonomic}
     bool UseFastUnorderedTimeStamps               = true                                 {experimental} {ergonomic}
     bool UseG1GC                                  = true                                      {product} {ergonomic}
     bool UseLargePagesIndividualAllocation        = false                                  {pd product} {ergonomic}

Logging:
Log output configuration:
 #0: stdout all=warning uptime,level,tags foldmultilines=false
 #1: stderr all=off uptime,level,tags foldmultilines=false

Environment Variables:
JAVA_HOME=C:\Program Files\Java\jdk-21\
PATH=C:\Program Files\Eclipse Adoptium\jdk-21.0.5.11-hotspot\bin;C:\Program Files\Common Files\Oracle\Java\javapath;C:\Program Files (x86)\VMware\VMware Player\bin\;C:\WINDOWS\system32;C:\WINDOWS;C:\WINDOWS\System32\Wbem;C:\WINDOWS\System32\WindowsPowerShell\v1.0\;C:\WINDOWS\System32\OpenSSH\;C:\Program Files\Microsoft SQL Server\150\Tools\Binn\;C:\Program Files (x86)\Gpg4win\..\GnuPG\bin;C:\Program Files\PuTTY\;C:\Program Files\Git\cmd;C:\Program Files\dotnet\;C:\Program Files\nodejs\;C:\IBM\Java\ibm-java-sdk-8.0-8\jre\bin;C:\Program Files\Java\jdk-21\\bin;C:\Users\HP840\AppData\Local\Programs\Python\Launcher\;C:\Users\HP840\AppData\Local\Microsoft\WindowsApps;C:\Users\HP840\AppData\Local\Programs\Microsoft VS Code\bin;C:\MinGW\bin;C:\Users\HP840\AppData\Local\Programs\MiKTeX\miktex\bin\x64\;C:\Users\HP840\AppData\Local\Programs\Python\Python312\python.exe;C:\Users\HP840\AppData\Local\Programs\Python;C:\Users\HP840\.dotnet\tools;C:\Program Files\OpenSSL-Win64\bin;c:\users\hp840\appdata\local\packages\pythonsoftwarefoundation.python.3.12_qbz5n2kfra8p0\localcache\local-packages\python312\site-packages (2.1.0);C:\Program Files\JetBrains\IntelliJ IDEA 2024.3\bin;;C:\Users\HP840\AppData\Local\Android\Sdk\platform-tools;C:\Users\HP840\AppData\Roaming\npm;C:\Users\HP840\AppData\Local\GitHubDesktop\bin;C:\Program Files (x86)\Apache\apache-maven-3.9.9\bin;
USERNAME=HP840
OS=Windows_NT
PROCESSOR_IDENTIFIER=Intel64 Family 6 Model 140 Stepping 1, GenuineIntel
TMP=C:\Users\HP840\AppData\Local\Temp
TEMP=C:\Users\HP840\AppData\Local\Temp




Periodic native trim disabled

---------------  S Y S T E M  ---------------

OS:
 Windows 11 , 64 bit Build 22621 (10.0.22621.4391)
OS uptime: 0 days 5:34 hours
Hyper-V role detected

CPU: total 8 (initial active 8) (4 cores per cpu, 2 threads per core) family 6 model 140 stepping 1 microcode 0xb8, cx8, cmov, fxsr, ht, mmx, 3dnowpref, sse, sse2, sse3, ssse3, sse4.1, sse4.2, popcnt, lzcnt, tsc, tscinvbit, avx, avx2, aes, erms, clmul, bmi1, bmi2, adx, avx512f, avx512dq, avx512cd, avx512bw, avx512vl, sha, fma, vzeroupper, avx512_vpopcntdq, avx512_vpclmulqdq, avx512_vaes, avx512_vnni, clflush, clflushopt, clwb, avx512_vbmi2, avx512_vbmi, hv, rdtscp, rdpid, fsrm, gfni, avx512_bitalg, f16c, cet_ibt, cet_ss, avx512_ifma
Processor Information for all 8 processors :
  Max Mhz: 2803, Current Mhz: 2803, Mhz Limit: 2803

Memory: 4k page, system-wide physical 16064M (4170M free)
TotalPageFile size 16064M (AvailPageFile size 123M)
current process WorkingSet (physical memory assigned to process): 11M, peak: 11M
current process commit charge ("private bytes"): 60M, peak: 312M

vm_info: OpenJDK 64-Bit Server VM (21.0.5+11-LTS) for windows-amd64 JRE (21.0.5+11-LTS), built on 2024-10-15T00:00:00Z by "admin" with MS VC++ 17.7 (VS2022)

END.
